<?xml version="1.0" encoding="UTF-8"?>
<!-- Generated by org.testng.reporters.JUnitReportReporter -->
<testsuite hostname="DESKTOP-165ABPJ" name="com.appveen.moduleone.testcases.TC_01_Create_Contact" tests="1" failures="0" timestamp="5 Feb 2021 13:23:46 GMT" time="4.501" errors="0">
  <testcase name="createContact" time="4.501" classname="com.appveen.moduleone.testcases.TC_01_Create_Contact"/>
</testsuite> <!-- com.appveen.moduleone.testcases.TC_01_Create_Contact -->
