<?xml version="1.0" encoding="UTF-8"?>
<!-- Generated by org.testng.reporters.JUnitReportReporter -->
<testsuite hostname="DESKTOP-165ABPJ" name="com.appveen.moduleone.testcases.TC_01" tests="1" failures="0" timestamp="8 Feb 2021 09:40:06 GMT" time="22.249" errors="0">
  <testcase name="createContact" time="22.249" classname="com.appveen.moduleone.testcases.TC_01"/>
</testsuite> <!-- com.appveen.moduleone.testcases.TC_01 -->
